#
# A fatal error has been detected by the Java Runtime Environment:
#
#  SIGSEGV (0xb) at pc=0x00007f4aa466d443, pid=7019, tid=139958580659968
#
# JRE version: Java(TM) SE Runtime Environment (8.0_60-b27) (build 1.8.0_60-b27)
# Java VM: Java HotSpot(TM) 64-Bit Server VM (25.60-b23 mixed mode linux-amd64 compressed oops)
# Problematic frame:
# C  [libstdc++.so.6+0x6f443]  std::locale::~locale()+0x13
#
# Failed to write core dump. Core dumps have been disabled. To enable core dumping, try "ulimit -c unlimited" before starting Java again
#
# If you would like to submit a bug report, please visit:
#   http://bugreport.java.com/bugreport/crash.jsp
# The crash happened outside the Java Virtual Machine in native code.
# See problematic frame for where to report the bug.
#

---------------  T H R E A D  ---------------

Current thread (0x00007f4aec1f7800):  JavaThread "AWT-EventQueue-0" [_thread_in_native, id=7048, stack(0x00007f4aa56bc000,0x00007f4aa57bd000)]

siginfo: si_signo: 11 (SIGSEGV), si_code: 128 (SI_KERNEL), si_addr: 0x0000000000000000

Registers:
RAX=0x00000000ffffffff, RBX=0x2e656e6966656420, RCX=0x00007f4aec1f3530, RDX=0x00007f4aa48e9e38
RSP=0x00007f4aa57b8b30, RBP=0x00007f4aa57b9000, RSI=0x0000000000000000, RDI=0x00007f4aa57b8c20
R8 =0x000000000000000b, R9 =0x000000000000000c, R10=0x00007f4aa57b8910, R11=0x00007f4aa46b1f90
R12=0x0000000000000000, R13=0x00007f4aa54df1f0, R14=0x00007f4aa57b9090, R15=0x00007f4aec1f7800
RIP=0x00007f4aa466d443, EFLAGS=0x0000000000010206, CSGSFS=0x0000000000000033, ERR=0x0000000000000000
  TRAPNO=0x000000000000000d

Top of Stack: (sp=0x00007f4aa57b8b30)
0x00007f4aa57b8b30:   00007f4aa57b8be0 00007f4aa46b1fe6
0x00007f4aa57b8b40:   00007f4a7c086690 00007f4aa4909874
0x00007f4aa57b8b50:   00007f4aa57b8d50 00007f4aa57b9088
0x00007f4aa57b8b60:   00007f4aa57b9090 00007f4aec1f79f8
0x00007f4aa57b8b70:   00007f4a00000001 0000000aec1f7800
0x00007f4aa57b8b80:   00007f4a7c1712a8 00007f4aa57b8c40
0x00007f4aa57b8b90:   00007f4a7c171358 0000000100002368
0x00007f4aa57b8ba0:   00007f4a7c1716c8 0000000100002368
0x00007f4aa57b8bb0:   00007f4aa49013d8 00007f4af13f927a
0x00007f4aa57b8bc0:   00007f4a7c171320 00007f4aa57b8c00
0x00007f4aa57b8bd0:   00007f4a7c171320 00007f4a7c1716c8
0x00007f4aa57b8be0:   00007f4aa48e9e38 00007f4aa48e89b0
0x00007f4aa57b8bf0:   0000000000000000 0000000000000000
0x00007f4aa57b8c00:   31203a726f727200 636570786520383a
0x00007f4aa57b8c10:   6c617620676e6974 6f7263616d206469
0x00007f4aa57b8c20:   2e656e6966656420 0000000000000000
0x00007f4aa57b8c30:   0000000000000000 0000000000000000
0x00007f4aa57b8c40:   0000000000000000 0000000000000000
0x00007f4aa57b8c50:   0000000000000000 00000000d704a701
0x00007f4aa57b8c60:   0000000000000000 0000000000000000
0x00007f4aa57b8c70:   0000000000000000 00007f4a00000000
0x00007f4aa57b8c80:   0000000000000000 0000000000002000
0x00007f4aa57b8c90:   00007f4a00000000 0000000000000000
0x00007f4aa57b8ca0:   0000000000000000 00007f4aa57b8c00
0x00007f4aa57b8cb0:   00007f4aa49008b0 0000000000000000
0x00007f4aa57b8cc0:   0000000000000000 0000000000000000
0x00007f4aa57b8cd0:   0000000000000000 00007f4aa48e9e60
0x00007f4aa57b8ce0:   0000000000000006 0000000000000000
0x00007f4aa57b8cf0:   0000000000001002 00007f4a00000000
0x00007f4aa57b8d00:   0000000000000000 0000000000000000
0x00007f4aa57b8d10:   0000000000000000 0000000000000000
0x00007f4aa57b8d20:   0000000000000000 0000000000000000 

Instructions: (pc=0x00007f4aa466d443)
0x00007f4aa466d423:   75 b0 eb be 66 0f 1f 84 00 00 00 00 00 48 83 3d
0x00007f4aa466d433:   50 d9 27 00 00 53 48 8b 1f 74 28 b8 ff ff ff ff
0x00007f4aa466d443:   f0 0f c1 03 83 f8 01 74 04 5b c3 66 90 48 85 db
0x00007f4aa466d453:   74 f7 48 89 df e8 23 a0 fe ff 48 89 df 5b e9 1a 

Register to memory mapping:

RAX=0x00000000ffffffff is an unallocated location in the heap
RBX=0x2e656e6966656420 is an unknown value
RCX=0x00007f4aec1f3530 is an unknown value
RDX=0x00007f4aa48e9e38: _ZTVSt14basic_ofstreamIcSt11char_traitsIcEE+0x18 in /usr/lib/x86_64-linux-gnu/libstdc++.so.6 at 0x00007f4aa45fe000
RSP=0x00007f4aa57b8b30 is pointing into the stack for thread: 0x00007f4aec1f7800
RBP=0x00007f4aa57b9000 is pointing into the stack for thread: 0x00007f4aec1f7800
RSI=0x0000000000000000 is an unknown value
RDI=0x00007f4aa57b8c20 is pointing into the stack for thread: 0x00007f4aec1f7800
R8 =0x000000000000000b is an unknown value
R9 =0x000000000000000c is an unknown value
R10=0x00007f4aa57b8910 is pointing into the stack for thread: 0x00007f4aec1f7800
R11=0x00007f4aa46b1f90: _ZNSt14basic_ofstreamIcSt11char_traitsIcEED1Ev+0 in /usr/lib/x86_64-linux-gnu/libstdc++.so.6 at 0x00007f4aa45fe000
R12=0x0000000000000000 is an unknown value
R13={method} {0x00007f4aa54df1f0} 'scan' '(Ljava/lang/String;)Ljava/lang/String;' in 'com/lexerAndParser/JNI/TestJNI'
R14=0x00007f4aa57b9090 is pointing into the stack for thread: 0x00007f4aec1f7800
R15=0x00007f4aec1f7800 is a thread


Stack: [0x00007f4aa56bc000,0x00007f4aa57bd000],  sp=0x00007f4aa57b8b30,  free space=1010k
Native frames: (J=compiled Java code, j=interpreted, Vv=VM code, C=native code)
C  [libstdc++.so.6+0x6f443]  std::locale::~locale()+0x13
j  com.lexerAndParser.JNI.TestJNI.scan(Ljava/lang/String;)Ljava/lang/String;+0
j  com.lexerAndParser.JNI.Jni_helper.compile()V+49
j  com.lexerAndParser.UI.BuildFrame.<init>(Ljava/lang/String;)V+90
j  com.lexerAndParser.UI.EditFrame.actionPerformed(Ljava/awt/event/ActionEvent;)V+162
j  javax.swing.AbstractButton.fireActionPerformed(Ljava/awt/event/ActionEvent;)V+83
j  javax.swing.AbstractButton$Handler.actionPerformed(Ljava/awt/event/ActionEvent;)V+5
j  javax.swing.DefaultButtonModel.fireActionPerformed(Ljava/awt/event/ActionEvent;)V+34
j  javax.swing.DefaultButtonModel.setPressed(Z)V+117
j  javax.swing.AbstractButton.doClick(I)V+64
j  javax.swing.plaf.basic.BasicMenuItemUI.doClick(Ljavax/swing/MenuSelectionManager;)V+53
j  javax.swing.plaf.basic.BasicMenuItemUI$Handler.mouseReleased(Ljava/awt/event/MouseEvent;)V+76
j  java.awt.Component.processMouseEvent(Ljava/awt/event/MouseEvent;)V+64
j  javax.swing.JComponent.processMouseEvent(Ljava/awt/event/MouseEvent;)V+23
j  java.awt.Component.processEvent(Ljava/awt/AWTEvent;)V+81
j  java.awt.Container.processEvent(Ljava/awt/AWTEvent;)V+18
j  java.awt.Component.dispatchEventImpl(Ljava/awt/AWTEvent;)V+589
j  java.awt.Container.dispatchEventImpl(Ljava/awt/AWTEvent;)V+42
j  java.awt.Component.dispatchEvent(Ljava/awt/AWTEvent;)V+2
j  java.awt.LightweightDispatcher.retargetMouseEvent(Ljava/awt/Component;ILjava/awt/event/MouseEvent;)V+327
j  java.awt.LightweightDispatcher.processMouseEvent(Ljava/awt/event/MouseEvent;)Z+155
j  java.awt.LightweightDispatcher.dispatchEvent(Ljava/awt/AWTEvent;)Z+50
j  java.awt.Container.dispatchEventImpl(Ljava/awt/AWTEvent;)V+12
j  java.awt.Window.dispatchEventImpl(Ljava/awt/AWTEvent;)V+19
j  java.awt.Component.dispatchEvent(Ljava/awt/AWTEvent;)V+2
j  java.awt.EventQueue.dispatchEventImpl(Ljava/awt/AWTEvent;Ljava/lang/Object;)V+41
j  java.awt.EventQueue.access$500(Ljava/awt/EventQueue;Ljava/awt/AWTEvent;Ljava/lang/Object;)V+3
j  java.awt.EventQueue$3.run()Ljava/lang/Void;+32
j  java.awt.EventQueue$3.run()Ljava/lang/Object;+1
v  ~StubRoutines::call_stub
V  [libjvm.so+0x68bbe6]  JavaCalls::call_helper(JavaValue*, methodHandle*, JavaCallArguments*, Thread*)+0x1056
V  [libjvm.so+0x72482c]  JVM_DoPrivileged+0x27c
j  java.security.AccessController.doPrivileged(Ljava/security/PrivilegedAction;Ljava/security/AccessControlContext;)Ljava/lang/Object;+0
j  java.security.ProtectionDomain$JavaSecurityAccessImpl.doIntersectionPrivilege(Ljava/security/PrivilegedAction;Ljava/security/AccessControlContext;Ljava/security/AccessControlContext;)Ljava/lang/Object;+18
j  java.security.ProtectionDomain$JavaSecurityAccessImpl.doIntersectionPrivilege(Ljava/security/PrivilegedAction;Ljava/security/AccessControlContext;)Ljava/lang/Object;+6
j  java.awt.EventQueue$4.run()Ljava/lang/Void;+11
j  java.awt.EventQueue$4.run()Ljava/lang/Object;+1
v  ~StubRoutines::call_stub
V  [libjvm.so+0x68bbe6]  JavaCalls::call_helper(JavaValue*, methodHandle*, JavaCallArguments*, Thread*)+0x1056
V  [libjvm.so+0x72482c]  JVM_DoPrivileged+0x27c
j  java.security.AccessController.doPrivileged(Ljava/security/PrivilegedAction;Ljava/security/AccessControlContext;)Ljava/lang/Object;+0
j  java.security.ProtectionDomain$JavaSecurityAccessImpl.doIntersectionPrivilege(Ljava/security/PrivilegedAction;Ljava/security/AccessControlContext;Ljava/security/AccessControlContext;)Ljava/lang/Object;+18
j  java.awt.EventQueue.dispatchEvent(Ljava/awt/AWTEvent;)V+73
j  java.awt.EventDispatchThread.pumpOneEventForFilters(I)V+245
j  java.awt.EventDispatchThread.pumpEventsForFilter(ILjava/awt/Conditional;Ljava/awt/EventFilter;)V+35
j  java.awt.EventDispatchThread.pumpEventsForHierarchy(ILjava/awt/Conditional;Ljava/awt/Component;)V+11
j  java.awt.EventDispatchThread.pumpEvents(ILjava/awt/Conditional;)V+4
j  java.awt.EventDispatchThread.pumpEvents(Ljava/awt/Conditional;)V+3
j  java.awt.EventDispatchThread.run()V+9
v  ~StubRoutines::call_stub
V  [libjvm.so+0x68bbe6]  JavaCalls::call_helper(JavaValue*, methodHandle*, JavaCallArguments*, Thread*)+0x1056
V  [libjvm.so+0x68c0f1]  JavaCalls::call_virtual(JavaValue*, KlassHandle, Symbol*, Symbol*, JavaCallArguments*, Thread*)+0x321
V  [libjvm.so+0x68c597]  JavaCalls::call_virtual(JavaValue*, Handle, KlassHandle, Symbol*, Symbol*, Thread*)+0x47
V  [libjvm.so+0x7232d0]  thread_entry(JavaThread*, Thread*)+0xa0
V  [libjvm.so+0xa68f3f]  JavaThread::thread_main_inner()+0xdf
V  [libjvm.so+0xa6906c]  JavaThread::run()+0x11c
V  [libjvm.so+0x91cb88]  java_start(Thread*)+0x108
C  [libpthread.so.0+0x8182]  start_thread+0xc2

Java frames: (J=compiled Java code, j=interpreted, Vv=VM code)
j  com.lexerAndParser.JNI.TestJNI.scan(Ljava/lang/String;)Ljava/lang/String;+0
j  com.lexerAndParser.JNI.Jni_helper.compile()V+49
j  com.lexerAndParser.UI.BuildFrame.<init>(Ljava/lang/String;)V+90
j  com.lexerAndParser.UI.EditFrame.actionPerformed(Ljava/awt/event/ActionEvent;)V+162
j  javax.swing.AbstractButton.fireActionPerformed(Ljava/awt/event/ActionEvent;)V+83
j  javax.swing.AbstractButton$Handler.actionPerformed(Ljava/awt/event/ActionEvent;)V+5
j  javax.swing.DefaultButtonModel.fireActionPerformed(Ljava/awt/event/ActionEvent;)V+34
j  javax.swing.DefaultButtonModel.setPressed(Z)V+117
j  javax.swing.AbstractButton.doClick(I)V+64
j  javax.swing.plaf.basic.BasicMenuItemUI.doClick(Ljavax/swing/MenuSelectionManager;)V+53
j  javax.swing.plaf.basic.BasicMenuItemUI$Handler.mouseReleased(Ljava/awt/event/MouseEvent;)V+76
j  java.awt.Component.processMouseEvent(Ljava/awt/event/MouseEvent;)V+64
j  javax.swing.JComponent.processMouseEvent(Ljava/awt/event/MouseEvent;)V+23
j  java.awt.Component.processEvent(Ljava/awt/AWTEvent;)V+81
j  java.awt.Container.processEvent(Ljava/awt/AWTEvent;)V+18
j  java.awt.Component.dispatchEventImpl(Ljava/awt/AWTEvent;)V+589
j  java.awt.Container.dispatchEventImpl(Ljava/awt/AWTEvent;)V+42
j  java.awt.Component.dispatchEvent(Ljava/awt/AWTEvent;)V+2
j  java.awt.LightweightDispatcher.retargetMouseEvent(Ljava/awt/Component;ILjava/awt/event/MouseEvent;)V+327
j  java.awt.LightweightDispatcher.processMouseEvent(Ljava/awt/event/MouseEvent;)Z+155
j  java.awt.LightweightDispatcher.dispatchEvent(Ljava/awt/AWTEvent;)Z+50
j  java.awt.Container.dispatchEventImpl(Ljava/awt/AWTEvent;)V+12
j  java.awt.Window.dispatchEventImpl(Ljava/awt/AWTEvent;)V+19
j  java.awt.Component.dispatchEvent(Ljava/awt/AWTEvent;)V+2
j  java.awt.EventQueue.dispatchEventImpl(Ljava/awt/AWTEvent;Ljava/lang/Object;)V+41
j  java.awt.EventQueue.access$500(Ljava/awt/EventQueue;Ljava/awt/AWTEvent;Ljava/lang/Object;)V+3
j  java.awt.EventQueue$3.run()Ljava/lang/Void;+32
j  java.awt.EventQueue$3.run()Ljava/lang/Object;+1
v  ~StubRoutines::call_stub
j  java.security.AccessController.doPrivileged(Ljava/security/PrivilegedAction;Ljava/security/AccessControlContext;)Ljava/lang/Object;+0
j  java.security.ProtectionDomain$JavaSecurityAccessImpl.doIntersectionPrivilege(Ljava/security/PrivilegedAction;Ljava/security/AccessControlContext;Ljava/security/AccessControlContext;)Ljava/lang/Object;+18
j  java.security.ProtectionDomain$JavaSecurityAccessImpl.doIntersectionPrivilege(Ljava/security/PrivilegedAction;Ljava/security/AccessControlContext;)Ljava/lang/Object;+6
j  java.awt.EventQueue$4.run()Ljava/lang/Void;+11
j  java.awt.EventQueue$4.run()Ljava/lang/Object;+1
v  ~StubRoutines::call_stub
j  java.security.AccessController.doPrivileged(Ljava/security/PrivilegedAction;Ljava/security/AccessControlContext;)Ljava/lang/Object;+0
j  java.security.ProtectionDomain$JavaSecurityAccessImpl.doIntersectionPrivilege(Ljava/security/PrivilegedAction;Ljava/security/AccessControlContext;Ljava/security/AccessControlContext;)Ljava/lang/Object;+18
j  java.awt.EventQueue.dispatchEvent(Ljava/awt/AWTEvent;)V+73
j  java.awt.EventDispatchThread.pumpOneEventForFilters(I)V+245
j  java.awt.EventDispatchThread.pumpEventsForFilter(ILjava/awt/Conditional;Ljava/awt/EventFilter;)V+35
j  java.awt.EventDispatchThread.pumpEventsForHierarchy(ILjava/awt/Conditional;Ljava/awt/Component;)V+11
j  java.awt.EventDispatchThread.pumpEvents(ILjava/awt/Conditional;)V+4
j  java.awt.EventDispatchThread.pumpEvents(Ljava/awt/Conditional;)V+3
j  java.awt.EventDispatchThread.run()V+9
v  ~StubRoutines::call_stub

---------------  P R O C E S S  ---------------

Java Threads: ( => current thread )
  0x00007f4a7c11d000 JavaThread "TimerQueue" daemon [_thread_blocked, id=7049, stack(0x00007f4aa4d13000,0x00007f4aa4e14000)]
  0x00007f4aec009800 JavaThread "DestroyJavaVM" [_thread_blocked, id=7025, stack(0x00007f4af24f9000,0x00007f4af25fa000)]
=>0x00007f4aec1f7800 JavaThread "AWT-EventQueue-0" [_thread_in_native, id=7048, stack(0x00007f4aa56bc000,0x00007f4aa57bd000)]
  0x00007f4aec1f6000 JavaThread "AWT-Shutdown" [_thread_blocked, id=7047, stack(0x00007f4aa57bd000,0x00007f4aa58be000)]
  0x00007f4aec1ed800 JavaThread "AWT-XAWT" daemon [_thread_in_native, id=7046, stack(0x00007f4aa58be000,0x00007f4aa59bf000)]
  0x00007f4aec1ce000 JavaThread "Java2D Disposer" daemon [_thread_blocked, id=7045, stack(0x00007f4ab807e000,0x00007f4ab817f000)]
  0x00007f4aec0cd000 JavaThread "Service Thread" daemon [_thread_blocked, id=7043, stack(0x00007f4ad809c000,0x00007f4ad819d000)]
  0x00007f4aec0c8000 JavaThread "C1 CompilerThread3" daemon [_thread_blocked, id=7042, stack(0x00007f4ad819d000,0x00007f4ad829e000)]
  0x00007f4aec0c5800 JavaThread "C2 CompilerThread2" daemon [_thread_in_native, id=7041, stack(0x00007f4ad829e000,0x00007f4ad839f000)]
  0x00007f4aec0c4000 JavaThread "C2 CompilerThread1" daemon [_thread_blocked, id=7040, stack(0x00007f4ad839f000,0x00007f4ad84a0000)]
  0x00007f4aec0c1000 JavaThread "C2 CompilerThread0" daemon [_thread_blocked, id=7039, stack(0x00007f4ad84a0000,0x00007f4ad85a1000)]
  0x00007f4aec0bf800 JavaThread "Signal Dispatcher" daemon [_thread_blocked, id=7038, stack(0x00007f4ad85a1000,0x00007f4ad86a2000)]
  0x00007f4aec087000 JavaThread "Finalizer" daemon [_thread_blocked, id=7037, stack(0x00007f4ad86a2000,0x00007f4ad87a3000)]
  0x00007f4aec084800 JavaThread "Reference Handler" daemon [_thread_blocked, id=7036, stack(0x00007f4ad87a3000,0x00007f4ad88a4000)]

Other Threads:
  0x00007f4aec07f800 VMThread [stack: 0x00007f4ad88a4000,0x00007f4ad89a5000] [id=7035]
  0x00007f4aec0d0000 WatcherThread [stack: 0x00007f4ab817f000,0x00007f4ab8280000] [id=7044]

VM state:not at safepoint (normal execution)

VM Mutex/Monitor currently owned by a thread: None

Heap:
 PSYoungGen      total 36864K, used 9525K [0x00000000d7000000, 0x00000000d9900000, 0x0000000100000000)
  eden space 31744K, 30% used [0x00000000d7000000,0x00000000d794d460,0x00000000d8f00000)
  from space 5120K, 0% used [0x00000000d9400000,0x00000000d9400000,0x00000000d9900000)
  to   space 5120K, 0% used [0x00000000d8f00000,0x00000000d8f00000,0x00000000d9400000)
 ParOldGen       total 84992K, used 0K [0x0000000085000000, 0x000000008a300000, 0x00000000d7000000)
  object space 84992K, 0% used [0x0000000085000000,0x0000000085000000,0x000000008a300000)
 Metaspace       used 12265K, capacity 12474K, committed 12672K, reserved 1060864K
  class space    used 1516K, capacity 1573K, committed 1664K, reserved 1048576K

Card table byte_map: [0x00007f4adbe10000,0x00007f4adc1e9000] byte_map_base: 0x00007f4adb9e8000

Marking Bits: (ParMarkBitMap*) 0x00007f4af19d1de0
 Begin Bits: [0x00007f4ab8280000, 0x00007f4aba140000)
 End Bits:   [0x00007f4aba140000, 0x00007f4abc000000)

Polling page: 0x00007f4af2619000

CodeCache: size=245760Kb used=2635Kb max_used=2635Kb free=243124Kb
 bounds [0x00007f4adc5a9000, 0x00007f4adc849000, 0x00007f4aeb5a9000]
 total_blobs=1230 nmethods=692 adapters=450
 compilation: enabled

Compilation events (10 events):
Event: 1.790 Thread 0x00007f4aec0c8000 nmethod 690 0x00007f4adc836250 code [0x00007f4adc836400, 0x00007f4adc8368c8]
Event: 1.790 Thread 0x00007f4aec0c8000  692       3       java.lang.ClassLoader::checkName (43 bytes)
Event: 1.791 Thread 0x00007f4aec0c8000 nmethod 692 0x00007f4adc836ad0 code [0x00007f4adc836ca0, 0x00007f4adc837438]
Event: 1.791 Thread 0x00007f4aec0c8000  691   !   3       javax.swing.JComponent::getClientProperty (56 bytes)
Event: 1.791 Thread 0x00007f4aec0c8000 nmethod 691 0x00007f4adc8376d0 code [0x00007f4adc837860, 0x00007f4adc837c88]
Event: 1.791 Thread 0x00007f4aec0c8000  689       1       java.awt.Container::getLayout (5 bytes)
Event: 1.791 Thread 0x00007f4aec0c8000 nmethod 689 0x00007f4adc837dd0 code [0x00007f4adc837f20, 0x00007f4adc838030]
Event: 1.794 Thread 0x00007f4aec0c8000  693       1       java.util.HashMap::size (5 bytes)
Event: 1.794 Thread 0x00007f4aec0c8000 nmethod 693 0x00007f4adc839590 code [0x00007f4adc8396e0, 0x00007f4adc8397f0]
Event: 1.794 Thread 0x00007f4aec0c4000 nmethod 681 0x00007f4adc83b890 code [0x00007f4adc83ba20, 0x00007f4adc83c338]

GC Heap History (0 events):
No events

Deoptimization events (5 events):
Event: 0.200 Thread 0x00007f4aec1f7800 Uncommon trap: reason=null_check action=make_not_entrant pc=0x00007f4adc6ffb04 method=java.lang.String.equals(Ljava/lang/Object;)Z @ 8
Event: 0.261 Thread 0x00007f4aec1f7800 Uncommon trap: reason=class_check action=maybe_recompile pc=0x00007f4adc7531f0 method=java.lang.String.equals(Ljava/lang/Object;)Z @ 8
Event: 0.261 Thread 0x00007f4aec1f7800 Uncommon trap: reason=class_check action=maybe_recompile pc=0x00007f4adc7531f0 method=java.lang.String.equals(Ljava/lang/Object;)Z @ 8
Event: 0.261 Thread 0x00007f4aec1f7800 Uncommon trap: reason=class_check action=maybe_recompile pc=0x00007f4adc7531f0 method=java.lang.String.equals(Ljava/lang/Object;)Z @ 8
Event: 0.261 Thread 0x00007f4aec1f7800 Uncommon trap: reason=class_check action=maybe_recompile pc=0x00007f4adc7531f0 method=java.lang.String.equals(Ljava/lang/Object;)Z @ 8

Internal exceptions (10 events):
Event: 0.050 Thread 0x00007f4aec009800 Exception <a 'java/security/PrivilegedActionException'> (0x00000000d706e668) thrown at [/HUDSON/workspace/8-2-build-linux-amd64/jdk8u60/4407/hotspot/src/share/vm/prims/jvm.cpp, line 1386]
Event: 0.050 Thread 0x00007f4aec009800 Exception <a 'java/security/PrivilegedActionException'> (0x00000000d706e878) thrown at [/HUDSON/workspace/8-2-build-linux-amd64/jdk8u60/4407/hotspot/src/share/vm/prims/jvm.cpp, line 1386]
Event: 0.051 Thread 0x00007f4aec009800 Exception <a 'java/security/PrivilegedActionException'> (0x00000000d7070930) thrown at [/HUDSON/workspace/8-2-build-linux-amd64/jdk8u60/4407/hotspot/src/share/vm/prims/jvm.cpp, line 1386]
Event: 0.051 Thread 0x00007f4aec009800 Exception <a 'java/security/PrivilegedActionException'> (0x00000000d7070b40) thrown at [/HUDSON/workspace/8-2-build-linux-amd64/jdk8u60/4407/hotspot/src/share/vm/prims/jvm.cpp, line 1386]
Event: 0.083 Thread 0x00007f4aec009800 Exception <a 'java/lang/NoSuchFieldError': method resolution failed> (0x00000000d727aad8) thrown at [/HUDSON/workspace/8-2-build-linux-amd64/jdk8u60/4407/hotspot/src/share/vm/prims/methodHandles.cpp, line 1146]
Event: 0.084 Thread 0x00007f4aec009800 Exception <a 'java/lang/NoSuchFieldError': method resolution failed> (0x00000000d72882c8) thrown at [/HUDSON/workspace/8-2-build-linux-amd64/jdk8u60/4407/hotspot/src/share/vm/prims/methodHandles.cpp, line 1146]
Event: 0.099 Thread 0x00007f4aec009800 Exception <a 'java/io/FileNotFoundException'> (0x00000000d7307948) thrown at [/HUDSON/workspace/8-2-build-linux-amd64/jdk8u60/4407/hotspot/src/share/vm/prims/jni.cpp, line 709]
Event: 0.099 Thread 0x00007f4aec009800 Exception <a 'java/io/FileNotFoundException'> (0x00000000d73082c8) thrown at [/HUDSON/workspace/8-2-build-linux-amd64/jdk8u60/4407/hotspot/src/share/vm/prims/jni.cpp, line 709]
Event: 0.200 Thread 0x00007f4aec1f7800 Implicit null exception at 0x00007f4adc6ff922 to 0x00007f4adc6ffaf5
Event: 0.392 Thread 0x00007f4aec1f7800 Exception <a 'java/lang/UnsupportedOperationException': > (0x00000000d775eee0) thrown at [/HUDSON/workspace/8-2-build-linux-amd64/jdk8u60/4407/hotspot/src/share/vm/prims/jni.cpp, line 735]

Events (10 events):
Event: 1.781 loading class javax/swing/plaf/LabelUI
Event: 1.781 loading class javax/swing/plaf/LabelUI done
Event: 1.781 loading class javax/swing/plaf/basic/BasicLabelUI done
Event: 1.781 loading class javax/swing/plaf/metal/MetalLabelUI done
Event: 1.788 loading class java/awt/GridLayout
Event: 1.788 loading class java/awt/GridLayout done
Event: 1.790 loading class com/lexerAndParser/JNI/Jni_helper
Event: 1.790 loading class com/lexerAndParser/JNI/Jni_helper done
Event: 1.791 loading class com/lexerAndParser/JNI/TestJNI
Event: 1.791 loading class com/lexerAndParser/JNI/TestJNI done


Dynamic libraries:
00400000-00401000 r-xp 00000000 08:12 5771295                            /usr/lib/jvm/java/bin/java
00600000-00601000 rw-p 00000000 08:12 5771295                            /usr/lib/jvm/java/bin/java
014fb000-0151c000 rw-p 00000000 00:00 0                                  [heap]
85000000-8a300000 rw-p 00000000 00:00 0 
8a300000-d7000000 ---p 00000000 00:00 0 
d7000000-d9900000 rw-p 00000000 00:00 0 
d9900000-100000000 ---p 00000000 00:00 0 
100000000-1001a0000 rw-p 00000000 00:00 0 
1001a0000-140000000 ---p 00000000 00:00 0 
7f4a70000000-7f4a70021000 rw-p 00000000 00:00 0 
7f4a70021000-7f4a74000000 ---p 00000000 00:00 0 
7f4a78000000-7f4a78021000 rw-p 00000000 00:00 0 
7f4a78021000-7f4a7c000000 ---p 00000000 00:00 0 
7f4a7c000000-7f4a7c408000 rw-p 00000000 00:00 0 
7f4a7c408000-7f4a80000000 ---p 00000000 00:00 0 
7f4a80000000-7f4a80021000 rw-p 00000000 00:00 0 
7f4a80021000-7f4a84000000 ---p 00000000 00:00 0 
7f4a84000000-7f4a84028000 rw-p 00000000 00:00 0 
7f4a84028000-7f4a88000000 ---p 00000000 00:00 0 
7f4a88000000-7f4a88021000 rw-p 00000000 00:00 0 
7f4a88021000-7f4a8c000000 ---p 00000000 00:00 0 
7f4a8c000000-7f4a8c021000 rw-p 00000000 00:00 0 
7f4a8c021000-7f4a90000000 ---p 00000000 00:00 0 
7f4a90000000-7f4a90089000 rw-p 00000000 00:00 0 
7f4a90089000-7f4a94000000 ---p 00000000 00:00 0 
7f4a94000000-7f4a941d1000 rw-p 00000000 00:00 0 
7f4a941d1000-7f4a98000000 ---p 00000000 00:00 0 
7f4a98000000-7f4a980a6000 rw-p 00000000 00:00 0 
7f4a980a6000-7f4a9c000000 ---p 00000000 00:00 0 
7f4a9c000000-7f4a9c100000 rw-p 00000000 00:00 0 
7f4a9c100000-7f4aa0000000 ---p 00000000 00:00 0 
7f4aa0000000-7f4aa0021000 rw-p 00000000 00:00 0 
7f4aa0021000-7f4aa4000000 ---p 00000000 00:00 0 
7f4aa45fe000-7f4aa46e4000 r-xp 00000000 08:12 4984995                    /usr/lib/x86_64-linux-gnu/libstdc++.so.6.0.19
7f4aa46e4000-7f4aa48e3000 ---p 000e6000 08:12 4984995                    /usr/lib/x86_64-linux-gnu/libstdc++.so.6.0.19
7f4aa48e3000-7f4aa48eb000 r--p 000e5000 08:12 4984995                    /usr/lib/x86_64-linux-gnu/libstdc++.so.6.0.19
7f4aa48eb000-7f4aa48ed000 rw-p 000ed000 08:12 4984995                    /usr/lib/x86_64-linux-gnu/libstdc++.so.6.0.19
7f4aa48ed000-7f4aa4902000 rw-p 00000000 00:00 0 
7f4aa4902000-7f4aa4912000 r-xp 00000000 08:12 526868                     /home/chenkai/workspace/CompileProject/src/com/lexerAndParser/JNI/libgoodlucky.so
7f4aa4912000-7f4aa4b11000 ---p 00010000 08:12 526868                     /home/chenkai/workspace/CompileProject/src/com/lexerAndParser/JNI/libgoodlucky.so
7f4aa4b11000-7f4aa4b12000 r--p 0000f000 08:12 526868                     /home/chenkai/workspace/CompileProject/src/com/lexerAndParser/JNI/libgoodlucky.so
7f4aa4b12000-7f4aa4b13000 rw-p 00010000 08:12 526868                     /home/chenkai/workspace/CompileProject/src/com/lexerAndParser/JNI/libgoodlucky.so
7f4aa4b13000-7f4aa4bd3000 rw-p 00000000 00:00 0 
7f4aa4bd3000-7f4aa4d13000 ---p 00000000 00:00 0 
7f4aa4d13000-7f4aa4d16000 ---p 00000000 00:00 0 
7f4aa4d16000-7f4aa4e14000 rw-p 00000000 00:00 0                          [stack:7049]
7f4aa4e14000-7f4aa4e7d000 r-xp 00000000 08:12 5249967                    /usr/lib/jvm/java/jre/lib/amd64/libt2k.so
7f4aa4e7d000-7f4aa507d000 ---p 00069000 08:12 5249967                    /usr/lib/jvm/java/jre/lib/amd64/libt2k.so
7f4aa507d000-7f4aa5084000 rw-p 00069000 08:12 5249967                    /usr/lib/jvm/java/jre/lib/amd64/libt2k.so
7f4aa5084000-7f4aa5094000 rw-p 00000000 00:00 0 
7f4aa5094000-7f4aa50a5000 r-xp 00000000 08:12 5249958                    /usr/lib/jvm/java/jre/lib/amd64/libnio.so
7f4aa50a5000-7f4aa52a4000 ---p 00011000 08:12 5249958                    /usr/lib/jvm/java/jre/lib/amd64/libnio.so
7f4aa52a4000-7f4aa52a5000 rw-p 00010000 08:12 5249958                    /usr/lib/jvm/java/jre/lib/amd64/libnio.so
7f4aa52a5000-7f4aa52bb000 r-xp 00000000 08:12 5249985                    /usr/lib/jvm/java/jre/lib/amd64/libnet.so
7f4aa52bb000-7f4aa54bb000 ---p 00016000 08:12 5249985                    /usr/lib/jvm/java/jre/lib/amd64/libnet.so
7f4aa54bb000-7f4aa54bc000 rw-p 00016000 08:12 5249985                    /usr/lib/jvm/java/jre/lib/amd64/libnet.so
7f4aa54bc000-7f4aa56bc000 rw-p 00000000 00:00 0 
7f4aa56bc000-7f4aa56bf000 ---p 00000000 00:00 0 
7f4aa56bf000-7f4aa57bd000 rw-p 00000000 00:00 0                          [stack:7048]
7f4aa57bd000-7f4aa57c0000 ---p 00000000 00:00 0 
7f4aa57c0000-7f4aa58be000 rw-p 00000000 00:00 0                          [stack:7047]
7f4aa58be000-7f4aa58c1000 ---p 00000000 00:00 0 
7f4aa58c1000-7f4aa59bf000 rw-p 00000000 00:00 0                          [stack:7046]
7f4aa59bf000-7f4aa59c4000 r-xp 00000000 08:12 4989189                    /usr/lib/x86_64-linux-gnu/libXfixes.so.3.1.0
7f4aa59c4000-7f4aa5bc3000 ---p 00005000 08:12 4989189                    /usr/lib/x86_64-linux-gnu/libXfixes.so.3.1.0
7f4aa5bc3000-7f4aa5bc4000 r--p 00004000 08:12 4989189                    /usr/lib/x86_64-linux-gnu/libXfixes.so.3.1.0
7f4aa5bc4000-7f4aa5bc5000 rw-p 00005000 08:12 4989189                    /usr/lib/x86_64-linux-gnu/libXfixes.so.3.1.0
7f4aa5bc5000-7f4aa5bce000 r-xp 00000000 08:12 4988949                    /usr/lib/x86_64-linux-gnu/libXcursor.so.1.0.2
7f4aa5bce000-7f4aa5dcd000 ---p 00009000 08:12 4988949                    /usr/lib/x86_64-linux-gnu/libXcursor.so.1.0.2
7f4aa5dcd000-7f4aa5dce000 r--p 00008000 08:12 4988949                    /usr/lib/x86_64-linux-gnu/libXcursor.so.1.0.2
7f4aa5dce000-7f4aa5dcf000 rw-p 00009000 08:12 4988949                    /usr/lib/x86_64-linux-gnu/libXcursor.so.1.0.2
7f4aa5dcf000-7f4aa5de5000 r-xp 00000000 08:12 6035024                    /lib/x86_64-linux-gnu/libgcc_s.so.1
7f4aa5de5000-7f4aa5fe4000 ---p 00016000 08:12 6035024                    /lib/x86_64-linux-gnu/libgcc_s.so.1
7f4aa5fe4000-7f4aa5fe5000 rw-p 00015000 08:12 6035024                    /lib/x86_64-linux-gnu/libgcc_s.so.1
7f4aa5fe5000-7f4aa604b000 r-xp 00000000 08:12 5249937                    /usr/lib/jvm/java/jre/lib/amd64/libfontmanager.so
7f4aa604b000-7f4aa624a000 ---p 00066000 08:12 5249937                    /usr/lib/jvm/java/jre/lib/amd64/libfontmanager.so
7f4aa624a000-7f4aa624e000 rw-p 00065000 08:12 5249937                    /usr/lib/jvm/java/jre/lib/amd64/libfontmanager.so
7f4aa624e000-7f4aa625f000 rw-p 00000000 00:00 0 
7f4aa625f000-7f4aa6264000 r-xp 00000000 08:12 4988953                    /usr/lib/x86_64-linux-gnu/libXdmcp.so.6.0.0
7f4aa6264000-7f4aa6463000 ---p 00005000 08:12 4988953                    /usr/lib/x86_64-linux-gnu/libXdmcp.so.6.0.0
7f4aa6463000-7f4aa6464000 r--p 00004000 08:12 4988953                    /usr/lib/x86_64-linux-gnu/libXdmcp.so.6.0.0
7f4aa6464000-7f4aa6465000 rw-p 00005000 08:12 4988953                    /usr/lib/x86_64-linux-gnu/libXdmcp.so.6.0.0
7f4aa6465000-7f4aa6467000 r-xp 00000000 08:12 4988942                    /usr/lib/x86_64-linux-gnu/libXau.so.6.0.0
7f4aa6467000-7f4aa6667000 ---p 00002000 08:12 4988942                    /usr/lib/x86_64-linux-gnu/libXau.so.6.0.0
7f4aa6667000-7f4aa6668000 r--p 00002000 08:12 4988942                    /usr/lib/x86_64-linux-gnu/libXau.so.6.0.0
7f4aa6668000-7f4aa6669000 rw-p 00003000 08:12 4988942                    /usr/lib/x86_64-linux-gnu/libXau.so.6.0.0
7f4aa6669000-7f4aa6686000 r-xp 00000000 08:12 4990010                    /usr/lib/x86_64-linux-gnu/libxcb.so.1.1.0
7f4aa6686000-7f4aa6886000 ---p 0001d000 08:12 4990010                    /usr/lib/x86_64-linux-gnu/libxcb.so.1.1.0
7f4aa6886000-7f4aa6887000 r--p 0001d000 08:12 4990010                    /usr/lib/x86_64-linux-gnu/libxcb.so.1.1.0
7f4aa6887000-7f4aa6888000 rw-p 0001e000 08:12 4990010                    /usr/lib/x86_64-linux-gnu/libxcb.so.1.1.0
7f4aa6888000-7f4aa6897000 r-xp 00000000 08:12 4994361                    /usr/lib/x86_64-linux-gnu/libXi.so.6.1.0
7f4aa6897000-7f4aa6a96000 ---p 0000f000 08:12 4994361                    /usr/lib/x86_64-linux-gnu/libXi.so.6.1.0
7f4aa6a96000-7f4aa6a97000 r--p 0000e000 08:12 4994361                    /usr/lib/x86_64-linux-gnu/libXi.so.6.1.0
7f4aa6a97000-7f4aa6a98000 rw-p 0000f000 08:12 4994361                    /usr/lib/x86_64-linux-gnu/libXi.so.6.1.0
7f4aa6a98000-7f4aa6a9d000 r-xp 00000000 08:12 4988983                    /usr/lib/x86_64-linux-gnu/libXtst.so.6.1.0
7f4aa6a9d000-7f4aa6c9c000 ---p 00005000 08:12 4988983                    /usr/lib/x86_64-linux-gnu/libXtst.so.6.1.0
7f4aa6c9c000-7f4aa6c9d000 r--p 00004000 08:12 4988983                    /usr/lib/x86_64-linux-gnu/libXtst.so.6.1.0
7f4aa6c9d000-7f4aa6c9e000 rw-p 00005000 08:12 4988983                    /usr/lib/x86_64-linux-gnu/libXtst.so.6.1.0
7f4aa6c9e000-7f4aa6ca7000 r-xp 00000000 08:12 4981642                    /usr/lib/x86_64-linux-gnu/libXrender.so.1.3.0
7f4aa6ca7000-7f4aa6ea6000 ---p 00009000 08:12 4981642                    /usr/lib/x86_64-linux-gnu/libXrender.so.1.3.0
7f4aa6ea6000-7f4aa6ea7000 r--p 00008000 08:12 4981642                    /usr/lib/x86_64-linux-gnu/libXrender.so.1.3.0
7f4aa6ea7000-7f4aa6ea8000 rw-p 00009000 08:12 4981642                    /usr/lib/x86_64-linux-gnu/libXrender.so.1.3.0
7f4aa6ea8000-7f4aa6fd8000 r-xp 00000000 08:12 4988938                    /usr/lib/x86_64-linux-gnu/libX11.so.6.3.0
7f4aa6fd8000-7f4aa71d8000 ---p 00130000 08:12 4988938                    /usr/lib/x86_64-linux-gnu/libX11.so.6.3.0
7f4aa71d8000-7f4aa71d9000 r--p 00130000 08:12 4988938                    /usr/lib/x86_64-linux-gnu/libX11.so.6.3.0
7f4aa71d9000-7f4aa71dd000 rw-p 00131000 08:12 4988938                    /usr/lib/x86_64-linux-gnu/libX11.so.6.3.0
7f4aa71dd000-7f4aa71ee000 r-xp 00000000 08:12 4989183                    /usr/lib/x86_64-linux-gnu/libXext.so.6.4.0
7f4aa71ee000-7f4aa73ed000 ---p 00011000 08:12 4989183                    /usr/lib/x86_64-linux-gnu/libXext.so.6.4.0
7f4aa73ed000-7f4aa73ee000 r--p 00010000 08:12 4989183                    /usr/lib/x86_64-linux-gnu/libXext.so.6.4.0
7f4aa73ee000-7f4aa73ef000 rw-p 00011000 08:12 4989183                    /usr/lib/x86_64-linux-gnu/libXext.so.6.4.0
7f4aa73ef000-7f4aa7443000 r-xp 00000000 08:12 5249971                    /usr/lib/jvm/java/jre/lib/amd64/libawt_xawt.so
7f4aa7443000-7f4aa7643000 ---p 00054000 08:12 5249971                    /usr/lib/jvm/java/jre/lib/amd64/libawt_xawt.so
7f4aa7643000-7f4aa7647000 rw-p 00054000 08:12 5249971                    /usr/lib/jvm/java/jre/lib/amd64/libawt_xawt.so
7f4aa7647000-7f4aa7648000 rw-p 00000000 00:00 0 
7f4aa7648000-7f4aa76ea000 r-xp 00000000 08:12 5249984                    /usr/lib/jvm/java/jre/lib/amd64/libawt.so
7f4aa76ea000-7f4aa78ea000 ---p 000a2000 08:12 5249984                    /usr/lib/jvm/java/jre/lib/amd64/libawt.so
7f4aa78ea000-7f4aa78f6000 rw-p 000a2000 08:12 5249984                    /usr/lib/jvm/java/jre/lib/amd64/libawt.so
7f4aa78f6000-7f4aa791a000 rw-p 00000000 00:00 0 
7f4aa791a000-7f4aa8000000 r--p 00000000 08:12 4987904                    /usr/lib/locale/locale-archive
7f4aa8000000-7f4aa8021000 rw-p 00000000 00:00 0 
7f4aa8021000-7f4aac000000 ---p 00000000 00:00 0 
7f4aac000000-7f4aac021000 rw-p 00000000 00:00 0 
7f4aac021000-7f4ab0000000 ---p 00000000 00:00 0 
7f4ab0000000-7f4ab0021000 rw-p 00000000 00:00 0 
7f4ab0021000-7f4ab4000000 ---p 00000000 00:00 0 
7f4ab4000000-7f4ab4021000 rw-p 00000000 00:00 0 
7f4ab4021000-7f4ab8000000 ---p 00000000 00:00 0 
7f4ab807e000-7f4ab8081000 ---p 00000000 00:00 0 
7f4ab8081000-7f4ab817f000 rw-p 00000000 00:00 0                          [stack:7045]
7f4ab817f000-7f4ab8180000 ---p 00000000 00:00 0 
7f4ab8180000-7f4abc000000 rw-p 00000000 00:00 0                          [stack:7044]
7f4abc000000-7f4abc021000 rw-p 00000000 00:00 0 
7f4abc021000-7f4ac0000000 ---p 00000000 00:00 0 
7f4ac0000000-7f4ac0021000 rw-p 00000000 00:00 0 
7f4ac0021000-7f4ac4000000 ---p 00000000 00:00 0 
7f4ac4000000-7f4ac4021000 rw-p 00000000 00:00 0 
7f4ac4021000-7f4ac8000000 ---p 00000000 00:00 0 
7f4ac8000000-7f4ac8021000 rw-p 00000000 00:00 0 
7f4ac8021000-7f4acc000000 ---p 00000000 00:00 0 
7f4acc000000-7f4acc021000 rw-p 00000000 00:00 0 
7f4acc021000-7f4ad0000000 ---p 00000000 00:00 0 
7f4ad0000000-7f4ad0021000 rw-p 00000000 00:00 0 
7f4ad0021000-7f4ad4000000 ---p 00000000 00:00 0 
7f4ad4000000-7f4ad4021000 rw-p 00000000 00:00 0 
7f4ad4021000-7f4ad8000000 ---p 00000000 00:00 0 
7f4ad8039000-7f4ad809c000 rw-p 00000000 00:00 0 
7f4ad809c000-7f4ad809f000 ---p 00000000 00:00 0 
7f4ad809f000-7f4ad819d000 rw-p 00000000 00:00 0                          [stack:7043]
7f4ad819d000-7f4ad81a0000 ---p 00000000 00:00 0 
7f4ad81a0000-7f4ad829e000 rw-p 00000000 00:00 0                          [stack:7042]
7f4ad829e000-7f4ad82a1000 ---p 00000000 00:00 0 
7f4ad82a1000-7f4ad839f000 rw-p 00000000 00:00 0                          [stack:7041]
7f4ad839f000-7f4ad83a2000 ---p 00000000 00:00 0 
7f4ad83a2000-7f4ad84a0000 rw-p 00000000 00:00 0                          [stack:7040]
7f4ad84a0000-7f4ad84a3000 ---p 00000000 00:00 0 
7f4ad84a3000-7f4ad85a1000 rw-p 00000000 00:00 0                          [stack:7039]
7f4ad85a1000-7f4ad85a4000 ---p 00000000 00:00 0 
7f4ad85a4000-7f4ad86a2000 rw-p 00000000 00:00 0                          [stack:7038]
7f4ad86a2000-7f4ad86a5000 ---p 00000000 00:00 0 
7f4ad86a5000-7f4ad87a3000 rw-p 00000000 00:00 0                          [stack:7037]
7f4ad87a3000-7f4ad87a6000 ---p 00000000 00:00 0 
7f4ad87a6000-7f4ad88a4000 rw-p 00000000 00:00 0                          [stack:7036]
7f4ad88a4000-7f4ad88a5000 ---p 00000000 00:00 0 
7f4ad88a5000-7f4ada5c8000 rw-p 00000000 00:00 0                          [stack:7035]
7f4ada5c8000-7f4ada7a0000 r--s 03d17000 08:12 5122581                    /usr/lib/jvm/java/jre/lib/rt.jar
7f4ada7a0000-7f4adb378000 rw-p 00000000 00:00 0 
7f4adb378000-7f4adb379000 ---p 00000000 00:00 0 
7f4adb379000-7f4adb479000 rw-p 00000000 00:00 0                          [stack:7034]
7f4adb479000-7f4adb47a000 ---p 00000000 00:00 0 
7f4adb47a000-7f4adb57a000 rw-p 00000000 00:00 0                          [stack:7033]
7f4adb57a000-7f4adb57b000 ---p 00000000 00:00 0 
7f4adb57b000-7f4adb67b000 rw-p 00000000 00:00 0                          [stack:7032]
7f4adb67b000-7f4adb67c000 ---p 00000000 00:00 0 
7f4adb67c000-7f4adb77c000 rw-p 00000000 00:00 0                          [stack:7031]
7f4adb77c000-7f4adb77d000 ---p 00000000 00:00 0 
7f4adb77d000-7f4adb87d000 rw-p 00000000 00:00 0                          [stack:7030]
7f4adb87d000-7f4adb87e000 ---p 00000000 00:00 0 
7f4adb87e000-7f4adb97e000 rw-p 00000000 00:00 0                          [stack:7029]
7f4adb97e000-7f4adb97f000 ---p 00000000 00:00 0 
7f4adb97f000-7f4adba7f000 rw-p 00000000 00:00 0                          [stack:7028]
7f4adba7f000-7f4adba80000 ---p 00000000 00:00 0 
7f4adba80000-7f4adbbaa000 rw-p 00000000 00:00 0                          [stack:7027]
7f4adbbaa000-7f4adbe10000 ---p 00000000 00:00 0 
7f4adbe10000-7f4adbe3a000 rw-p 00000000 00:00 0 
7f4adbe3a000-7f4adc0a0000 ---p 00000000 00:00 0 
7f4adc0a0000-7f4adc0b5000 rw-p 00000000 00:00 0 
7f4adc0b5000-7f4adc1e8000 ---p 00000000 00:00 0 
7f4adc1e8000-7f4adc1f4000 rw-p 00000000 00:00 0 
7f4adc1f4000-7f4adc5a9000 ---p 00000000 00:00 0 
7f4adc5a9000-7f4adc849000 rwxp 00000000 00:00 0 
7f4adc849000-7f4aeb5a9000 ---p 00000000 00:00 0 
7f4aeb5a9000-7f4aeb5c3000 r-xp 00000000 08:12 5249970                    /usr/lib/jvm/java/jre/lib/amd64/libzip.so
7f4aeb5c3000-7f4aeb7c3000 ---p 0001a000 08:12 5249970                    /usr/lib/jvm/java/jre/lib/amd64/libzip.so
7f4aeb7c3000-7f4aeb7c4000 rw-p 0001a000 08:12 5249970                    /usr/lib/jvm/java/jre/lib/amd64/libzip.so
7f4aeb7c4000-7f4aeb7cf000 r-xp 00000000 08:12 6035036                    /lib/x86_64-linux-gnu/libnss_files-2.19.so
7f4aeb7cf000-7f4aeb9ce000 ---p 0000b000 08:12 6035036                    /lib/x86_64-linux-gnu/libnss_files-2.19.so
7f4aeb9ce000-7f4aeb9cf000 r--p 0000a000 08:12 6035036                    /lib/x86_64-linux-gnu/libnss_files-2.19.so
7f4aeb9cf000-7f4aeb9d0000 rw-p 0000b000 08:12 6035036                    /lib/x86_64-linux-gnu/libnss_files-2.19.so
7f4aeb9d0000-7f4aeb9db000 r-xp 00000000 08:12 6035058                    /lib/x86_64-linux-gnu/libnss_nis-2.19.so
7f4aeb9db000-7f4aebbda000 ---p 0000b000 08:12 6035058                    /lib/x86_64-linux-gnu/libnss_nis-2.19.so
7f4aebbda000-7f4aebbdb000 r--p 0000a000 08:12 6035058                    /lib/x86_64-linux-gnu/libnss_nis-2.19.so
7f4aebbdb000-7f4aebbdc000 rw-p 0000b000 08:12 6035058                    /lib/x86_64-linux-gnu/libnss_nis-2.19.so
7f4aebbdc000-7f4aebbf3000 r-xp 00000000 08:12 6035047                    /lib/x86_64-linux-gnu/libnsl-2.19.so
7f4aebbf3000-7f4aebdf2000 ---p 00017000 08:12 6035047                    /lib/x86_64-linux-gnu/libnsl-2.19.so
7f4aebdf2000-7f4aebdf3000 r--p 00016000 08:12 6035047                    /lib/x86_64-linux-gnu/libnsl-2.19.so
7f4aebdf3000-7f4aebdf4000 rw-p 00017000 08:12 6035047                    /lib/x86_64-linux-gnu/libnsl-2.19.so
7f4aebdf4000-7f4aebdf6000 rw-p 00000000 00:00 0 
7f4aebdf6000-7f4aebdff000 r-xp 00000000 08:12 6035046                    /lib/x86_64-linux-gnu/libnss_compat-2.19.so
7f4aebdff000-7f4aebffe000 ---p 00009000 08:12 6035046                    /lib/x86_64-linux-gnu/libnss_compat-2.19.so
7f4aebffe000-7f4aebfff000 r--p 00008000 08:12 6035046                    /lib/x86_64-linux-gnu/libnss_compat-2.19.so
7f4aebfff000-7f4aec000000 rw-p 00009000 08:12 6035046                    /lib/x86_64-linux-gnu/libnss_compat-2.19.so
7f4aec000000-7f4aec212000 rw-p 00000000 00:00 0 
7f4aec212000-7f4af0000000 ---p 00000000 00:00 0 
7f4af0001000-7f4af0015000 r--s 00000000 08:12 5901852                    /usr/share/fonts/type1/gsfonts/n019003l.pfb
7f4af0015000-7f4af00da000 rw-p 00000000 00:00 0 
7f4af00da000-7f4af0104000 r-xp 00000000 08:12 5249961                    /usr/lib/jvm/java/jre/lib/amd64/libjava.so
7f4af0104000-7f4af0304000 ---p 0002a000 08:12 5249961                    /usr/lib/jvm/java/jre/lib/amd64/libjava.so
7f4af0304000-7f4af0306000 rw-p 0002a000 08:12 5249961                    /usr/lib/jvm/java/jre/lib/amd64/libjava.so
7f4af0306000-7f4af0313000 r-xp 00000000 08:12 5249981                    /usr/lib/jvm/java/jre/lib/amd64/libverify.so
7f4af0313000-7f4af0513000 ---p 0000d000 08:12 5249981                    /usr/lib/jvm/java/jre/lib/amd64/libverify.so
7f4af0513000-7f4af0515000 rw-p 0000d000 08:12 5249981                    /usr/lib/jvm/java/jre/lib/amd64/libverify.so
7f4af0515000-7f4af051c000 r-xp 00000000 08:12 6035055                    /lib/x86_64-linux-gnu/librt-2.19.so
7f4af051c000-7f4af071b000 ---p 00007000 08:12 6035055                    /lib/x86_64-linux-gnu/librt-2.19.so
7f4af071b000-7f4af071c000 r--p 00006000 08:12 6035055                    /lib/x86_64-linux-gnu/librt-2.19.so
7f4af071c000-7f4af071d000 rw-p 00007000 08:12 6035055                    /lib/x86_64-linux-gnu/librt-2.19.so
7f4af071d000-7f4af0822000 r-xp 00000000 08:12 6035035                    /lib/x86_64-linux-gnu/libm-2.19.so
7f4af0822000-7f4af0a21000 ---p 00105000 08:12 6035035                    /lib/x86_64-linux-gnu/libm-2.19.so
7f4af0a21000-7f4af0a22000 r--p 00104000 08:12 6035035                    /lib/x86_64-linux-gnu/libm-2.19.so
7f4af0a22000-7f4af0a23000 rw-p 00105000 08:12 6035035                    /lib/x86_64-linux-gnu/libm-2.19.so
7f4af0a23000-7f4af16e1000 r-xp 00000000 08:12 5249975                    /usr/lib/jvm/java/jre/lib/amd64/server/libjvm.so
7f4af16e1000-7f4af18e0000 ---p 00cbe000 08:12 5249975                    /usr/lib/jvm/java/jre/lib/amd64/server/libjvm.so
7f4af18e0000-7f4af19b8000 rw-p 00cbd000 08:12 5249975                    /usr/lib/jvm/java/jre/lib/amd64/server/libjvm.so
7f4af19b8000-7f4af19fd000 rw-p 00000000 00:00 0 
7f4af19fd000-7f4af1bb8000 r-xp 00000000 08:12 6035052                    /lib/x86_64-linux-gnu/libc-2.19.so
7f4af1bb8000-7f4af1db7000 ---p 001bb000 08:12 6035052                    /lib/x86_64-linux-gnu/libc-2.19.so
7f4af1db7000-7f4af1dbb000 r--p 001ba000 08:12 6035052                    /lib/x86_64-linux-gnu/libc-2.19.so
7f4af1dbb000-7f4af1dbd000 rw-p 001be000 08:12 6035052                    /lib/x86_64-linux-gnu/libc-2.19.so
7f4af1dbd000-7f4af1dc2000 rw-p 00000000 00:00 0 
7f4af1dc2000-7f4af1dc5000 r-xp 00000000 08:12 6035041                    /lib/x86_64-linux-gnu/libdl-2.19.so
7f4af1dc5000-7f4af1fc4000 ---p 00003000 08:12 6035041                    /lib/x86_64-linux-gnu/libdl-2.19.so
7f4af1fc4000-7f4af1fc5000 r--p 00002000 08:12 6035041                    /lib/x86_64-linux-gnu/libdl-2.19.so
7f4af1fc5000-7f4af1fc6000 rw-p 00003000 08:12 6035041                    /lib/x86_64-linux-gnu/libdl-2.19.so
7f4af1fc6000-7f4af1fdb000 r-xp 00000000 08:12 5774811                    /usr/lib/jvm/java/lib/amd64/jli/libjli.so
7f4af1fdb000-7f4af21db000 ---p 00015000 08:12 5774811                    /usr/lib/jvm/java/lib/amd64/jli/libjli.so
7f4af21db000-7f4af21dc000 rw-p 00015000 08:12 5774811                    /usr/lib/jvm/java/lib/amd64/jli/libjli.so
7f4af21dc000-7f4af21f5000 r-xp 00000000 08:12 6035053                    /lib/x86_64-linux-gnu/libpthread-2.19.so
7f4af21f5000-7f4af23f4000 ---p 00019000 08:12 6035053                    /lib/x86_64-linux-gnu/libpthread-2.19.so
7f4af23f4000-7f4af23f5000 r--p 00018000 08:12 6035053                    /lib/x86_64-linux-gnu/libpthread-2.19.so
7f4af23f5000-7f4af23f6000 rw-p 00019000 08:12 6035053                    /lib/x86_64-linux-gnu/libpthread-2.19.so
7f4af23f6000-7f4af23fa000 rw-p 00000000 00:00 0 
7f4af23fa000-7f4af241d000 r-xp 00000000 08:12 6035049                    /lib/x86_64-linux-gnu/ld-2.19.so
7f4af242e000-7f4af24f9000 rw-p 00000000 00:00 0 
7f4af24f9000-7f4af24fc000 ---p 00000000 00:00 0 
7f4af24fc000-7f4af25fe000 rw-p 00000000 00:00 0                          [stack:7025]
7f4af260e000-7f4af2610000 rw-p 00000000 00:00 0 
7f4af2610000-7f4af2618000 rw-s 00000000 08:12 5778242                    /tmp/hsperfdata_chenkai/7019
7f4af2618000-7f4af2619000 rw-p 00000000 00:00 0 
7f4af2619000-7f4af261a000 r--p 00000000 00:00 0 
7f4af261a000-7f4af261c000 rw-p 00000000 00:00 0 
7f4af261c000-7f4af261d000 r--p 00022000 08:12 6035049                    /lib/x86_64-linux-gnu/ld-2.19.so
7f4af261d000-7f4af261e000 rw-p 00023000 08:12 6035049                    /lib/x86_64-linux-gnu/ld-2.19.so
7f4af261e000-7f4af261f000 rw-p 00000000 00:00 0 
7ffff1720000-7ffff1741000 rw-p 00000000 00:00 0                          [stack]
7ffff177d000-7ffff177f000 r-xp 00000000 00:00 0                          [vdso]
ffffffffff600000-ffffffffff601000 r-xp 00000000 00:00 0                  [vsyscall]

VM Arguments:
jvm_args: -Djava.library.path=/home/chenkai/workspace/CompileProject/src/com/lexerAndParser/JNI -Dfile.encoding=UTF-8 
java_command: com.lexerAndParser.Main
java_class_path (initial): /home/chenkai/workspace/CompileProject/bin
Launcher Type: SUN_STANDARD

Environment Variables:
PATH=/usr/local/sbin:/usr/local/bin:/usr/sbin:/usr/bin:/sbin:/bin:/usr/games:/usr/local/games
SHELL=/bin/bash
DISPLAY=:0.0

Signal Handlers:
SIGSEGV: [libjvm.so+0xaba070], sa_mask[0]=11111111011111111101111111111110, sa_flags=SA_RESTART|SA_SIGINFO
SIGBUS: [libjvm.so+0xaba070], sa_mask[0]=11111111011111111101111111111110, sa_flags=SA_RESTART|SA_SIGINFO
SIGFPE: [libjvm.so+0x917630], sa_mask[0]=11111111011111111101111111111110, sa_flags=SA_RESTART|SA_SIGINFO
SIGPIPE: [libjvm.so+0x917630], sa_mask[0]=11111111011111111101111111111110, sa_flags=SA_RESTART|SA_SIGINFO
SIGXFSZ: [libjvm.so+0x917630], sa_mask[0]=11111111011111111101111111111110, sa_flags=SA_RESTART|SA_SIGINFO
SIGILL: [libjvm.so+0x917630], sa_mask[0]=11111111011111111101111111111110, sa_flags=SA_RESTART|SA_SIGINFO
SIGUSR1: SIG_DFL, sa_mask[0]=00000000000000000000000000000000, sa_flags=none
SIGUSR2: [libjvm.so+0x918c60], sa_mask[0]=00100000000000000000000000000000, sa_flags=SA_RESTART|SA_SIGINFO
SIGHUP: [libjvm.so+0x91a060], sa_mask[0]=11111111011111111101111111111110, sa_flags=SA_RESTART|SA_SIGINFO
SIGINT: [libjvm.so+0x91a060], sa_mask[0]=11111111011111111101111111111110, sa_flags=SA_RESTART|SA_SIGINFO
SIGTERM: [libjvm.so+0x91a060], sa_mask[0]=11111111011111111101111111111110, sa_flags=SA_RESTART|SA_SIGINFO
SIGQUIT: [libjvm.so+0x91a060], sa_mask[0]=11111111011111111101111111111110, sa_flags=SA_RESTART|SA_SIGINFO


---------------  S Y S T E M  ---------------

OS:DISTRIB_ID=Ubuntu
DISTRIB_RELEASE=14.04
DISTRIB_CODENAME=trusty
DISTRIB_DESCRIPTION="Ubuntu 14.04.3 LTS"

uname:Linux 3.13.0-74-generic #118-Ubuntu SMP Thu Dec 17 22:52:10 UTC 2015 x86_64
libc:glibc 2.19 NPTL 2.19 
rlimit: STACK 8192k, CORE 0k, NPROC 61235, NOFILE 4096, AS infinity
load average:0.88 0.92 0.90

/proc/meminfo:
MemTotal:        8056880 kB
MemFree:          685496 kB
Buffers:          320840 kB
Cached:          2837308 kB
SwapCached:            0 kB
Active:          4727624 kB
Inactive:        2218464 kB
Active(anon):    3792136 kB
Inactive(anon):   758480 kB
Active(file):     935488 kB
Inactive(file):  1459984 kB
Unevictable:           0 kB
Mlocked:               0 kB
SwapTotal:       8267772 kB
SwapFree:        8267772 kB
Dirty:              1264 kB
Writeback:             0 kB
AnonPages:       3787520 kB
Mapped:           521492 kB
Shmem:            762676 kB
Slab:             279532 kB
SReclaimable:     227272 kB
SUnreclaim:        52260 kB
KernelStack:        8288 kB
PageTables:        42560 kB
NFS_Unstable:          0 kB
Bounce:                0 kB
WritebackTmp:          0 kB
CommitLimit:    12296212 kB
Committed_AS:   10810248 kB
VmallocTotal:   34359738367 kB
VmallocUsed:      361848 kB
VmallocChunk:   34359369816 kB
HardwareCorrupted:     0 kB
AnonHugePages:   1386496 kB
HugePages_Total:       0
HugePages_Free:        0
HugePages_Rsvd:        0
HugePages_Surp:        0
Hugepagesize:       2048 kB
DirectMap4k:      109892 kB
DirectMap2M:     3964928 kB
DirectMap1G:     4194304 kB


CPU:total 8 (4 cores per cpu, 2 threads per core) family 6 model 60 stepping 3, cmov, cx8, fxsr, mmx, sse, sse2, sse3, ssse3, sse4.1, sse4.2, popcnt, avx, avx2, aes, clmul, erms, lzcnt, ht, tsc, tscinvbit, bmi1, bmi2

/proc/cpuinfo:
processor	: 0
vendor_id	: GenuineIntel
cpu family	: 6
model		: 60
model name	: Intel(R) Core(TM) i7-4710HQ CPU @ 2.50GHz
stepping	: 3
microcode	: 0x19
cpu MHz		: 2501.000
cache size	: 6144 KB
physical id	: 0
siblings	: 8
core id		: 0
cpu cores	: 4
apicid		: 0
initial apicid	: 0
fpu		: yes
fpu_exception	: yes
cpuid level	: 13
wp		: yes
flags		: fpu vme de pse tsc msr pae mce cx8 apic sep mtrr pge mca cmov pat pse36 clflush dts acpi mmx fxsr sse sse2 ss ht tm pbe syscall nx pdpe1gb rdtscp lm constant_tsc arch_perfmon pebs bts rep_good nopl xtopology nonstop_tsc aperfmperf eagerfpu pni pclmulqdq dtes64 monitor ds_cpl vmx est tm2 ssse3 fma cx16 xtpr pdcm pcid sse4_1 sse4_2 x2apic movbe popcnt tsc_deadline_timer aes xsave avx f16c rdrand lahf_lm abm ida arat epb xsaveopt pln pts dtherm tpr_shadow vnmi flexpriority ept vpid fsgsbase tsc_adjust bmi1 avx2 smep bmi2 erms invpcid
bogomips	: 4988.60
clflush size	: 64
cache_alignment	: 64
address sizes	: 39 bits physical, 48 bits virtual
power management:

processor	: 1
vendor_id	: GenuineIntel
cpu family	: 6
model		: 60
model name	: Intel(R) Core(TM) i7-4710HQ CPU @ 2.50GHz
stepping	: 3
microcode	: 0x19
cpu MHz		: 1500.000
cache size	: 6144 KB
physical id	: 0
siblings	: 8
core id		: 1
cpu cores	: 4
apicid		: 2
initial apicid	: 2
fpu		: yes
fpu_exception	: yes
cpuid level	: 13
wp		: yes
flags		: fpu vme de pse tsc msr pae mce cx8 apic sep mtrr pge mca cmov pat pse36 clflush dts acpi mmx fxsr sse sse2 ss ht tm pbe syscall nx pdpe1gb rdtscp lm constant_tsc arch_perfmon pebs bts rep_good nopl xtopology nonstop_tsc aperfmperf eagerfpu pni pclmulqdq dtes64 monitor ds_cpl vmx est tm2 ssse3 fma cx16 xtpr pdcm pcid sse4_1 sse4_2 x2apic movbe popcnt tsc_deadline_timer aes xsave avx f16c rdrand lahf_lm abm ida arat epb xsaveopt pln pts dtherm tpr_shadow vnmi flexpriority ept vpid fsgsbase tsc_adjust bmi1 avx2 smep bmi2 erms invpcid
bogomips	: 4988.60
clflush size	: 64
cache_alignment	: 64
address sizes	: 39 bits physical, 48 bits virtual
power management:

processor	: 2
vendor_id	: GenuineIntel
cpu family	: 6
model		: 60
model name	: Intel(R) Core(TM) i7-4710HQ CPU @ 2.50GHz
stepping	: 3
microcode	: 0x19
cpu MHz		: 2300.000
cache size	: 6144 KB
physical id	: 0
siblings	: 8
core id		: 2
cpu cores	: 4
apicid		: 4
initial apicid	: 4
fpu		: yes
fpu_exception	: yes
cpuid level	: 13
wp		: yes
flags		: fpu vme de pse tsc msr pae mce cx8 apic sep mtrr pge mca cmov pat pse36 clflush dts acpi mmx fxsr sse sse2 ss ht tm pbe syscall nx pdpe1gb rdtscp lm constant_tsc arch_perfmon pebs bts rep_good nopl xtopology nonstop_tsc aperfmperf eagerfpu pni pclmulqdq dtes64 monitor ds_cpl vmx est tm2 ssse3 fma cx16 xtpr pdcm pcid sse4_1 sse4_2 x2apic movbe popcnt tsc_deadline_timer aes xsave avx f16c rdrand lahf_lm abm ida arat epb xsaveopt pln pts dtherm tpr_shadow vnmi flexpriority ept vpid fsgsbase tsc_adjust bmi1 avx2 smep bmi2 erms invpcid
bogomips	: 4988.60
clflush size	: 64
cache_alignment	: 64
address sizes	: 39 bits physical, 48 bits virtual
power management:

processor	: 3
vendor_id	: GenuineIntel
cpu family	: 6
model		: 60
model name	: Intel(R) Core(TM) i7-4710HQ CPU @ 2.50GHz
stepping	: 3
microcode	: 0x19
cpu MHz		: 1800.000
cache size	: 6144 KB
physical id	: 0
siblings	: 8
core id		: 3
cpu cores	: 4
apicid		: 6
initial apicid	: 6
fpu		: yes
fpu_exception	: yes
cpuid level	: 13
wp		: yes
flags		: fpu vme de pse tsc msr pae mce cx8 apic sep mtrr pge mca cmov pat pse36 clflush dts acpi mmx fxsr sse sse2 ss ht tm pbe syscall nx pdpe1gb rdtscp lm constant_tsc arch_perfmon pebs bts rep_good nopl xtopology nonstop_tsc aperfmperf eagerfpu pni pclmulqdq dtes64 monitor ds_cpl vmx est tm2 ssse3 fma cx16 xtpr pdcm pcid sse4_1 sse4_2 x2apic movbe popcnt tsc_deadline_timer aes xsave avx f16c rdrand lahf_lm abm ida arat epb xsaveopt pln pts dtherm tpr_shadow vnmi flexpriority ept vpid fsgsbase tsc_adjust bmi1 avx2 smep bmi2 erms invpcid
bogomips	: 4988.60
clflush size	: 64
cache_alignment	: 64
address sizes	: 39 bits physical, 48 bits virtual
power management:

processor	: 4
vendor_id	: GenuineIntel
cpu family	: 6
model		: 60
model name	: Intel(R) Core(TM) i7-4710HQ CPU @ 2.50GHz
stepping	: 3
microcode	: 0x19
cpu MHz		: 2100.000
cache size	: 6144 KB
physical id	: 0
siblings	: 8
core id		: 0
cpu cores	: 4
apicid		: 1
initial apicid	: 1
fpu		: yes
fpu_exception	: yes
cpuid level	: 13
wp		: yes
flags		: fpu vme de pse tsc msr pae mce cx8 apic sep mtrr pge mca cmov pat pse36 clflush dts acpi mmx fxsr sse sse2 ss ht tm pbe syscall nx pdpe1gb rdtscp lm constant_tsc arch_perfmon pebs bts rep_good nopl xtopology nonstop_tsc aperfmperf eagerfpu pni pclmulqdq dtes64 monitor ds_cpl vmx est tm2 ssse3 fma cx16 xtpr pdcm pcid sse4_1 sse4_2 x2apic movbe popcnt tsc_deadline_timer aes xsave avx f16c rdrand lahf_lm abm ida arat epb xsaveopt pln pts dtherm tpr_shadow vnmi flexpriority ept vpid fsgsbase tsc_adjust bmi1 avx2 smep bmi2 erms invpcid
bogomips	: 4988.60
clflush size	: 64
cache_alignment	: 64
address sizes	: 39 bits physical, 48 bits virtual
power management:

processor	: 5
vendor_id	: GenuineIntel
cpu family	: 6
model		: 60
model name	: Intel(R) Core(TM) i7-4710HQ CPU @ 2.50GHz
stepping	: 3
microcode	: 0x19
cpu MHz		: 1600.000
cache size	: 6144 KB
physical id	: 0
siblings	: 8
core id		: 1
cpu cores	: 4
apicid		: 3
initial apicid	: 3
fpu		: yes
fpu_exception	: yes
cpuid level	: 13
wp		: yes
flags		: fpu vme de pse tsc msr pae mce cx8 apic sep mtrr pge mca cmov pat pse36 clflush dts acpi mmx fxsr sse sse2 ss ht tm pbe syscall nx pdpe1gb rdtscp lm constant_tsc arch_perfmon pebs bts rep_good nopl xtopology nonstop_tsc aperfmperf eagerfpu pni pclmulqdq dtes64 monitor ds_cpl vmx est tm2 ssse3 fma cx16 xtpr pdcm pcid sse4_1 sse4_2 x2apic movbe popcnt tsc_deadline_timer aes xsave avx f16c rdrand lahf_lm abm ida arat epb xsaveopt pln pts dtherm tpr_shadow vnmi flexpriority ept vpid fsgsbase tsc_adjust bmi1 avx2 smep bmi2 erms invpcid
bogomips	: 4988.60
clflush size	: 64
cache_alignment	: 64
address sizes	: 39 bits physical, 48 bits virtual
power management:

processor	: 6
vendor_id	: GenuineIntel
cpu family	: 6
model		: 60
model name	: Intel(R) Core(TM) i7-4710HQ CPU @ 2.50GHz
stepping	: 3
microcode	: 0x19
cpu MHz		: 2300.000
cache size	: 6144 KB
physical id	: 0
siblings	: 8
core id		: 2
cpu cores	: 4
apicid		: 5
initial apicid	: 5
fpu		: yes
fpu_exception	: yes
cpuid level	: 13
wp		: yes
flags		: fpu vme de pse tsc msr pae mce cx8 apic sep mtrr pge mca cmov pat pse36 clflush dts acpi mmx fxsr sse sse2 ss ht tm pbe syscall nx pdpe1gb rdtscp lm constant_tsc arch_perfmon pebs bts rep_good nopl xtopology nonstop_tsc aperfmperf eagerfpu pni pclmulqdq dtes64 monitor ds_cpl vmx est tm2 ssse3 fma cx16 xtpr pdcm pcid sse4_1 sse4_2 x2apic movbe popcnt tsc_deadline_timer aes xsave avx f16c rdrand lahf_lm abm ida arat epb xsaveopt pln pts dtherm tpr_shadow vnmi flexpriority ept vpid fsgsbase tsc_adjust bmi1 avx2 smep bmi2 erms invpcid
bogomips	: 4988.60
clflush size	: 64
cache_alignment	: 64
address sizes	: 39 bits physical, 48 bits virtual
power management:

processor	: 7
vendor_id	: GenuineIntel
cpu family	: 6
model		: 60
model name	: Intel(R) Core(TM) i7-4710HQ CPU @ 2.50GHz
stepping	: 3
microcode	: 0x19
cpu MHz		: 2400.000
cache size	: 6144 KB
physical id	: 0
siblings	: 8
core id		: 3
cpu cores	: 4
apicid		: 7
initial apicid	: 7
fpu		: yes
fpu_exception	: yes
cpuid level	: 13
wp		: yes
flags		: fpu vme de pse tsc msr pae mce cx8 apic sep mtrr pge mca cmov pat pse36 clflush dts acpi mmx fxsr sse sse2 ss ht tm pbe syscall nx pdpe1gb rdtscp lm constant_tsc arch_perfmon pebs bts rep_good nopl xtopology nonstop_tsc aperfmperf eagerfpu pni pclmulqdq dtes64 monitor ds_cpl vmx est tm2 ssse3 fma cx16 xtpr pdcm pcid sse4_1 sse4_2 x2apic movbe popcnt tsc_deadline_timer aes xsave avx f16c rdrand lahf_lm abm ida arat epb xsaveopt pln pts dtherm tpr_shadow vnmi flexpriority ept vpid fsgsbase tsc_adjust bmi1 avx2 smep bmi2 erms invpcid
bogomips	: 4988.60
clflush size	: 64
cache_alignment	: 64
address sizes	: 39 bits physical, 48 bits virtual
power management:



Memory: 4k page, physical 8056880k(685496k free), swap 8267772k(8267772k free)

vm_info: Java HotSpot(TM) 64-Bit Server VM (25.60-b23) for linux-amd64 JRE (1.8.0_60-b27), built on Aug  4 2015 12:19:40 by "java_re" with gcc 4.3.0 20080428 (Red Hat 4.3.0-8)

time: Fri Jan  8 11:51:27 2016
elapsed time: 1 seconds (0d 0h 0m 1s)

